Setting up watches.
Watches established.
[2026-02-17 21:06:54.430] [info] Using configuration file /home/shivang/.config/waybar/config
[2026-02-17 21:06:54.430] [info] Including resource file: ~/.config/waybar/bars.jsonc
[2026-02-17 21:06:54.430] [error] Cannot merge config, conflicting or invalid JSON types
[2026-02-17 21:06:54.430] [info] Including resource file: ~/.config/waybar/modules.jsonc
[2026-02-17 21:06:54.431] [info] Discovered appearance 'dark'
[2026-02-17 21:06:54.449] [info] Using CSS file /home/shivang/.config/waybar/style.css
[2026-02-17 21:06:54.453] [info] Hyprland IPC starting
[2026-02-17 21:06:54.453] [info] Loading persistent workspaces from Hyprland workspace rules
[2026-02-17 21:06:54.454] [warning] 'swap-icon-label' must be a bool.
[2026-02-17 21:06:54.464] [info] Loading persistent workspaces from Hyprland workspace rules
[2026-02-17 21:06:54.464] [warning] 'swap-icon-label' must be a bool.
[2026-02-17 21:06:54.526] [warning] Requested height: 30 is less than the minimum height: 31 required by the modules
[2026-02-17 21:06:54.526] [info] Bar configured (width: 1920, height: 31) for output: eDP-1
[2026-02-17 21:06:54.526] [warning] Requested height: 30 is less than the minimum height: 31 required by the modules
[2026-02-17 21:06:54.526] [info] Bar configured (width: 1920, height: 31) for output: HDMI-A-1
[2026-02-17 21:06:54.569] [error] custom/media: mixing manual and automatic argument indexing is no longer supported; try replacing "{}" with "{text}" in your format specifier
[2026-02-17 21:06:54.579] [error] custom/media: mixing manual and automatic argument indexing is no longer supported; try replacing "{}" with "{text}" in your format specifier
Setting up watches.
Watches established.
[2026-02-17 21:07:03.588] [info] Using configuration file /home/shivang/.config/waybar/config
[2026-02-17 21:07:03.588] [info] Including resource file: ~/.config/waybar/bars.jsonc
[2026-02-17 21:07:03.588] [error] Cannot merge config, conflicting or invalid JSON types
[2026-02-17 21:07:03.588] [info] Including resource file: ~/.config/waybar/modules.jsonc
[2026-02-17 21:07:03.590] [info] Discovered appearance 'dark'
[2026-02-17 21:07:03.608] [info] Using CSS file /home/shivang/.config/waybar/style.css
[2026-02-17 21:07:03.611] [info] Hyprland IPC starting
[2026-02-17 21:07:03.612] [info] Loading persistent workspaces from Hyprland workspace rules
[2026-02-17 21:07:03.612] [warning] 'swap-icon-label' must be a bool.
[2026-02-17 21:07:03.623] [info] Loading persistent workspaces from Hyprland workspace rules
[2026-02-17 21:07:03.623] [warning] 'swap-icon-label' must be a bool.
[2026-02-17 21:07:03.655] [info] Bar configured (width: 1920, height: 30) for output: eDP-1
[2026-02-17 21:07:03.655] [error] Item '': No icon name or pixmap given.
[2026-02-17 21:07:03.727] [error] Item '': No icon name or pixmap given.
[2026-02-17 21:07:03.735] [info] Bar configured (width: 1920, height: 30) for output: HDMI-A-1
[2026-02-17 21:07:03.735] [error] custom/media: mixing manual and automatic argument indexing is no longer supported; try replacing "{}" with "{text}" in your format specifier
[2026-02-17 21:07:03.735] [error] custom/media: mixing manual and automatic argument indexing is no longer supported; try replacing "{}" with "{text}" in your format specifier
[2026-02-17 21:07:03.736] [warning] Requested height: 30 is less than the minimum height: 31 required by the modules
[2026-02-17 21:07:03.736] [info] Bar configured (width: 1920, height: 31) for output: eDP-1
[2026-02-17 21:07:03.736] [warning] Requested height: 30 is less than the minimum height: 31 required by the modules
[2026-02-17 21:07:03.736] [info] Bar configured (width: 1920, height: 31) for output: HDMI-A-1
[2026-02-17 21:07:07.081] [info] Quitting.
[2026-02-17 21:07:07.088] [info] Hyprland IPC stopping...
Setting up watches.
Watches established.
[2026-02-17 21:07:40.085] [info] Using configuration file /home/shivang/.config/waybar/config
[2026-02-17 21:07:40.085] [info] Including resource file: ~/.config/waybar/bars.jsonc
[2026-02-17 21:07:40.085] [error] Cannot merge config, conflicting or invalid JSON types
[2026-02-17 21:07:40.085] [info] Including resource file: ~/.config/waybar/modules.jsonc
[2026-02-17 21:07:40.088] [info] Discovered appearance 'dark'
[2026-02-17 21:07:40.106] [info] Using CSS file /home/shivang/.config/waybar/style.css
[2026-02-17 21:07:40.109] [info] Hyprland IPC starting
[2026-02-17 21:07:40.110] [info] Loading persistent workspaces from Hyprland workspace rules
[2026-02-17 21:07:40.110] [warning] 'swap-icon-label' must be a bool.
[2026-02-17 21:07:40.120] [info] Loading persistent workspaces from Hyprland workspace rules
[2026-02-17 21:07:40.120] [warning] 'swap-icon-label' must be a bool.
[2026-02-17 21:07:40.151] [info] Bar configured (width: 1920, height: 30) for output: eDP-1
[2026-02-17 21:07:40.151] [info] Bar configured (width: 1920, height: 30) for output: HDMI-A-1
[2026-02-17 21:07:40.191] [warning] Requested height: 30 is less than the minimum height: 31 required by the modules
[2026-02-17 21:07:40.191] [info] Bar configured (width: 1920, height: 31) for output: HDMI-A-1
[2026-02-17 21:07:40.191] [warning] Requested height: 30 is less than the minimum height: 31 required by the modules
[2026-02-17 21:07:40.191] [info] Bar configured (width: 1920, height: 31) for output: eDP-1
[2026-02-17 21:07:40.217] [error] custom/media: mixing manual and automatic argument indexing is no longer supported; try replacing "{}" with "{text}" in your format specifier
[2026-02-17 21:07:40.230] [error] custom/media: mixing manual and automatic argument indexing is no longer supported; try replacing "{}" with "{text}" in your format specifier
Setting up watches.
Watches established.
[2026-02-17 21:07:54.292] [info] Using configuration file /home/shivang/.config/waybar/config
[2026-02-17 21:07:54.292] [info] Including resource file: ~/.config/waybar/bars.jsonc
[2026-02-17 21:07:54.292] [error] Cannot merge config, conflicting or invalid JSON types
[2026-02-17 21:07:54.292] [info] Including resource file: ~/.config/waybar/modules.jsonc
[2026-02-17 21:07:54.295] [info] Discovered appearance 'dark'
[2026-02-17 21:07:54.314] [info] Using CSS file /home/shivang/.config/waybar/style.css
[2026-02-17 21:07:54.317] [info] Hyprland IPC starting
[2026-02-17 21:07:54.318] [info] Loading persistent workspaces from Hyprland workspace rules
[2026-02-17 21:07:54.318] [warning] 'swap-icon-label' must be a bool.
[2026-02-17 21:07:54.329] [info] Loading persistent workspaces from Hyprland workspace rules
[2026-02-17 21:07:54.329] [warning] 'swap-icon-label' must be a bool.
[2026-02-17 21:07:54.385] [warning] Requested height: 30 is less than the minimum height: 31 required by the modules
[2026-02-17 21:07:54.385] [info] Bar configured (width: 1920, height: 31) for output: eDP-1
[2026-02-17 21:07:54.386] [warning] Requested height: 30 is less than the minimum height: 31 required by the modules
[2026-02-17 21:07:54.386] [info] Bar configured (width: 1920, height: 31) for output: HDMI-A-1
[2026-02-17 21:07:54.424] [error] custom/media: mixing manual and automatic argument indexing is no longer supported; try replacing "{}" with "{text}" in your format specifier
[2026-02-17 21:07:54.436] [error] custom/media: mixing manual and automatic argument indexing is no longer supported; try replacing "{}" with "{text}" in your format specifier
/home/shivang/.config/waybar/ MODIFY nohup.out
/home/shivang/.config/waybar/ MODIFY nohup.out
/home/shivang/.config/waybar/ MODIFY nohup.out
Setting up watches.
Watches established.
Setting up watches.
Watches established.
/home/shivang/.config/waybar/ MODIFY nohup.out
/home/shivang/.config/waybar/ MODIFY nohup.out
Setting up watches.
Watches established.
Setting up watches.
Watches established.
/home/shivang/.config/waybar/ MODIFY nohup.out
/home/shivang/.config/waybar/ MODIFY nohup.out
waybar: no process found
waybar: no process found
Setting up watches.
Watches established.
Setting up watches.
Setting up watches.
Watches established.
Watches established.
/home/shivang/.config/waybar/ MODIFY nohup.out
/home/shivang/.config/waybar/ MODIFY nohup.out
/home/shivang/.config/waybar/ MODIFY nohup.out
waybar: no process found
waybar: no process found
Setting up watches.
Watches established.
Setting up watches.
Watches established.
Setting up watches.
Watches established.
/home/shivang/.config/waybar/ MODIFY nohup.out
/home/shivang/.config/waybar/ MODIFY nohup.out
/home/shivang/.config/waybar/ MODIFY nohup.out
Setting up watches.
Watches established.
/home/shivang/.config/waybar/ MODIFY nohup.out
Setting up watches.
Watches established.
Setting up watches.
Watches established.
/home/shivang/.config/waybar/ MODIFY nohup.out
/home/shivang/.config/waybar/ MODIFY nohup.out
Setting up watches.
Watches established.
/home/shivang/.config/waybar/ MODIFY nohup.out
Setting up watches.
Watches established.
Setting up watches.
Watches established.
Setting up watches.
Watches established.
/home/shivang/.config/waybar/ MODIFY nohup.out
/home/shivang/.config/waybar/ MODIFY nohup.out
/home/shivang/.config/waybar/ MODIFY nohup.out
Setting up watches.
Setting up watches.
Watches established.
Watches established.
Setting up watches.
Watches established.
/home/shivang/.config/waybar/ MODIFY nohup.out
/home/shivang/.config/waybar/ MODIFY nohup.out
/home/shivang/.config/waybar/ MODIFY nohup.out
Setting up watches.
Watches established.
Setting up watches.
Watches established.
Setting up watches.
Watches established.
/home/shivang/.config/waybar/ MODIFY nohup.out
/home/shivang/.config/waybar/ MODIFY nohup.out
/home/shivang/.config/waybar/ MODIFY nohup.out
waybar: no process found
waybar: no process found
Setting up watches.
Watches established.
Setting up watches.
Watches established.
Setting up watches.
Watches established.
/home/shivang/.config/waybar/ MODIFY nohup.out
/home/shivang/.config/waybar/ MODIFY nohup.out
/home/shivang/.config/waybar/ MODIFY nohup.out
Setting up watches.
Watches established.
waybar: no process found
Setting up watches.
Watches established.
/home/shivang/.config/waybar/ MODIFY nohup.out
/home/shivang/.config/waybar/ MODIFY nohup.out
Setting up watches.
Watches established.
Setting up watches.
Watches established.
/home/shivang/.config/waybar/ MODIFY nohup.out
/home/shivang/.config/waybar/ MODIFY nohup.out
Setting up watches.
Watches established.
Setting up watches.
Watches established.
Setting up watches.
Watches established.
/home/shivang/.config/waybar/ MODIFY nohup.out
/home/shivang/.config/waybar/ MODIFY nohup.out
/home/shivang/.config/waybar/ MODIFY nohup.out
Setting up watches.
Setting up watches.
Watches established.
Watches established.
Setting up watches.
Watches established.
/home/shivang/.config/waybar/ MODIFY nohup.out
/home/shivang/.config/waybar/ MODIFY nohup.out
/home/shivang/.config/waybar/ MODIFY nohup.out
Setting up watches.
Setting up watches.
Watches established.
Watches established.
Setting up watches.
Watches established.
/home/shivang/.config/waybar/ MODIFY nohup.out
/home/shivang/.config/waybar/ MODIFY nohup.out
/home/shivang/.config/waybar/ MODIFY nohup.out
Setting up watches.
Watches established.
Setting up watches.
Watches established.
Setting up watches.
Watches established.
/home/shivang/.config/waybar/ MODIFY nohup.out
/home/shivang/.config/waybar/ MODIFY nohup.out
/home/shivang/.config/waybar/ MODIFY nohup.out
Setting up watches.
Watches established.
/home/shivang/.config/waybar/ MODIFY nohup.out
Setting up watches.
Watches established.
Setting up watches.
Watches established.
Setting up watches.
Watches established.
/home/shivang/.config/waybar/ MODIFY nohup.out
/home/shivang/.config/waybar/ MODIFY nohup.out
/home/shivang/.config/waybar/ MODIFY nohup.out
Setting up watches.
Watches established.
Setting up watches.
Watches established.
/home/shivang/.config/waybar/ MODIFY nohup.out
/home/shivang/.config/waybar/ MODIFY nohup.out
Setting up watches.
Watches established.
Setting up watches.
Watches established.
Setting up watches.
Watches established.
/home/shivang/.config/waybar/ MODIFY nohup.out
/home/shivang/.config/waybar/ MODIFY nohup.out
/home/shivang/.config/waybar/ MODIFY nohup.out
Setting up watches.
Watches established.
/home/shivang/.config/waybar/ MODIFY nohup.out
Setting up watches.
Watches established.
Setting up watches.
Watches established.
Setting up watches.
Watches established.
/home/shivang/.config/waybar/ MODIFY nohup.out
/home/shivang/.config/waybar/ MODIFY nohup.out
/home/shivang/.config/waybar/ MODIFY nohup.out
Setting up watches.
Setting up watches.
Watches established.
Watches established.
Setting up watches.
Watches established.
/home/shivang/.config/waybar/ MODIFY nohup.out
/home/shivang/.config/waybar/ MODIFY nohup.out
/home/shivang/.config/waybar/ MODIFY nohup.out
Setting up watches.
Watches established.
Setting up watches.
Setting up watches.
Watches established.
Watches established.
/home/shivang/.config/waybar/ MODIFY nohup.out
/home/shivang/.config/waybar/ MODIFY nohup.out
/home/shivang/.config/waybar/ MODIFY nohup.out
Setting up watches.
Watches established.
Setting up watches.
Watches established.
Setting up watches.
Watches established.
/home/shivang/.config/waybar/ MODIFY nohup.out
/home/shivang/.config/waybar/ MODIFY nohup.out
/home/shivang/.config/waybar/ MODIFY nohup.out
Setting up watches.
Watches established.
Setting up watches.
Watches established.
/home/shivang/.config/waybar/ MODIFY nohup.out
/home/shivang/.config/waybar/ MODIFY nohup.out
Setting up watches.
Watches established.
Setting up watches.
Watches established.
/home/shivang/.config/waybar/ MODIFY nohup.out
/home/shivang/.config/waybar/ MODIFY nohup.out
Setting up watches.
Watches established.
waybar: no process found
/home/shivang/.config/waybar/ MODIFY nohup.out
Setting up watches.
Watches established.
Setting up watches.
Watches established.
/home/shivang/.config/waybar/ MODIFY nohup.out
/home/shivang/.config/waybar/ MODIFY nohup.out
Setting up watches.
Watches established.
Setting up watches.
Watches established.
/home/shivang/.config/waybar/ MODIFY nohup.out
/home/shivang/.config/waybar/ MODIFY nohup.out
waybar: no process found
Setting up watches.
Watches established.
Setting up watches.
Watches established.
/home/shivang/.config/waybar/ MODIFY nohup.out
/home/shivang/.config/waybar/ MODIFY nohup.out
Setting up watches.
Watches established.
/home/shivang/.config/waybar/ MODIFY nohup.out
Setting up watches.
Setting up watches.
Watches established.
Watches established.
/home/shivang/.config/waybar/ MODIFY nohup.out
Setting up watches.
/home/shivang/.config/waybar/ MODIFY nohup.out
Watches established.
/home/shivang/.config/waybar/ MODIFY nohup.out
waybar: no process found
waybar: no process found
waybar: no process found
Setting up watches.
Setting up watches.
Watches established.
Watches established.
/home/shivang/.config/waybar/ MODIFY nohup.out
Setting up watches.
Watches established.
/home/shivang/.config/waybar/ MODIFY nohup.out
waybar: no process found
/home/shivang/.config/waybar/ MODIFY nohup.out
Setting up watches.
Watches established.
Setting up watches.
Watches established.
/home/shivang/.config/waybar/ MODIFY nohup.out
/home/shivang/.config/waybar/ MODIFY nohup.out
Setting up watches.
Watches established.
/home/shivang/.config/waybar/ MODIFY nohup.out
Setting up watches.
Watches established.
Setting up watches.
Watches established.
/home/shivang/.config/waybar/ MODIFY nohup.out
/home/shivang/.config/waybar/ MODIFY nohup.out
Setting up watches.
Watches established.
Setting up watches.
Setting up watches.
Watches established.
Watches established.
/home/shivang/.config/waybar/ MODIFY nohup.out
/home/shivang/.config/waybar/ MODIFY nohup.out
/home/shivang/.config/waybar/ MODIFY nohup.out
Setting up watches.
Watches established.
/home/shivang/.config/waybar/ MODIFY nohup.out
Setting up watches.
Watches established.
Setting up watches.
Watches established.
Setting up watches.
Watches established.
/home/shivang/.config/waybar/ MODIFY nohup.out
/home/shivang/.config/waybar/ MODIFY nohup.out
/home/shivang/.config/waybar/ MODIFY nohup.out
Setting up watches.
Watches established.
Setting up watches.
Watches established.
Setting up watches.
Watches established.
/home/shivang/.config/waybar/ MODIFY nohup.out
/home/shivang/.config/waybar/ MODIFY nohup.out
/home/shivang/.config/waybar/ MODIFY nohup.out
Setting up watches.
Setting up watches.
Watches established.
Watches established.
Setting up watches.
Watches established.
/home/shivang/.config/waybar/ MODIFY nohup.out
/home/shivang/.config/waybar/ MODIFY nohup.out
/home/shivang/.config/waybar/ MODIFY nohup.out
Setting up watches.
Watches established.
/home/shivang/.config/waybar/ MODIFY nohup.out
Setting up watches.
Watches established.
Setting up watches.
Watches established.
waybar: no process found
/home/shivang/.config/waybar/ MODIFY nohup.out
/home/shivang/.config/waybar/ MODIFY nohup.out
Setting up watches.
Watches established.
Setting up watches.
Setting up watches.
Watches established.
Watches established.
/home/shivang/.config/waybar/ MODIFY nohup.out
/home/shivang/.config/waybar/ MODIFY nohup.out
/home/shivang/.config/waybar/ MODIFY nohup.out
Setting up watches.
Watches established.
Setting up watches.
Watches established.
/home/shivang/.config/waybar/ MODIFY nohup.out
/home/shivang/.config/waybar/ MODIFY nohup.out
Setting up watches.
Watches established.
Setting up watches.
Watches established.
Setting up watches.
Watches established.
/home/shivang/.config/waybar/ MODIFY nohup.out
/home/shivang/.config/waybar/ MODIFY nohup.out
/home/shivang/.config/waybar/ MODIFY nohup.out
Setting up watches.
Watches established.
Setting up watches.
Setting up watches.
Watches established.
Watches established.
/home/shivang/.config/waybar/ MODIFY nohup.out
/home/shivang/.config/waybar/ MODIFY nohup.out
/home/shivang/.config/waybar/ MODIFY nohup.out
Setting up watches.
Watches established.
/home/shivang/.config/waybar/ MODIFY nohup.out
Setting up watches.
Watches established.
Setting up watches.
Watches established.
/home/shivang/.config/waybar/ MODIFY nohup.out
/home/shivang/.config/waybar/ MODIFY nohup.out
Setting up watches.
Watches established.
Setting up watches.
Watches established.
Setting up watches.
Watches established.
/home/shivang/.config/waybar/ MODIFY nohup.out
/home/shivang/.config/waybar/ MODIFY nohup.out
/home/shivang/.config/waybar/ MODIFY nohup.out
Setting up watches.
Watches established.
/home/shivang/.config/waybar/ MODIFY nohup.out
Setting up watches.
Watches established.
waybar: no process found
Setting up watches.
Watches established.
Setting up watches.
Watches established.
/home/shivang/.config/waybar/ MODIFY nohup.out
/home/shivang/.config/waybar/ MODIFY nohup.out
/home/shivang/.config/waybar/ MODIFY nohup.out
Setting up watches.
Watches established.
Setting up watches.
Watches established.
Setting up watches.
Watches established.
/home/shivang/.config/waybar/ MODIFY nohup.out
/home/shivang/.config/waybar/ MODIFY nohup.out
/home/shivang/.config/waybar/ MODIFY nohup.out
Setting up watches.
Watches established.
/home/shivang/.config/waybar/ MODIFY nohup.out
Setting up watches.
Watches established.
Setting up watches.
Watches established.
/home/shivang/.config/waybar/ MODIFY nohup.out
/home/shivang/.config/waybar/ MODIFY nohup.out
Setting up watches.
Watches established.
Setting up watches.
Watches established.
/home/shivang/.config/waybar/ MODIFY nohup.out
/home/shivang/.config/waybar/ MODIFY nohup.out
Setting up watches.
Watches established.
/home/shivang/.config/waybar/ MODIFY nohup.out
Setting up watches.
Watches established.
Setting up watches.
Watches established.
/home/shivang/.config/waybar/ MODIFY nohup.out
/home/shivang/.config/waybar/ MODIFY nohup.out
Setting up watches.
Watches established.
Setting up watches.
Watches established.
Setting up watches.
Watches established.
/home/shivang/.config/waybar/ MODIFY nohup.out
/home/shivang/.config/waybar/ MODIFY nohup.out
/home/shivang/.config/waybar/ MODIFY nohup.out
Setting up watches.
Watches established.
/home/shivang/.config/waybar/ MODIFY nohup.out
waybar: no process found
Setting up watches.
Setting up watches.
Watches established.
Watches established.
Setting up watches.
Watches established.
/home/shivang/.config/waybar/ MODIFY nohup.out
/home/shivang/.config/waybar/ MODIFY nohup.out
/home/shivang/.config/waybar/ MODIFY nohup.out
Setting up watches.
Watches established.
Setting up watches.
Watches established.
Setting up watches.
Watches established.
/home/shivang/.config/waybar/ MODIFY nohup.out
/home/shivang/.config/waybar/ MODIFY nohup.out
/home/shivang/.config/waybar/ MODIFY nohup.out
waybar: no process found
waybar: no process found
Setting up watches.
Watches established.
Setting up watches.
Watches established.
/home/shivang/.config/waybar/ MODIFY nohup.out
/home/shivang/.config/waybar/ MODIFY nohup.out
Setting up watches.
Watches established.
waybar: no process found
/home/shivang/.config/waybar/ MODIFY nohup.out
Setting up watches.
Watches established.
Setting up watches.
Watches established.
/home/shivang/.config/waybar/ MODIFY nohup.out
/home/shivang/.config/waybar/ MODIFY nohup.out
Setting up watches.
Watches established.
Setting up watches.
Watches established.
/home/shivang/.config/waybar/ MODIFY nohup.out
Setting up watches.
Watches established.
/home/shivang/.config/waybar/ MODIFY nohup.out
Setting up watches.
Watches established.
/home/shivang/.config/waybar/ MODIFY nohup.out
/home/shivang/.config/waybar/ MODIFY nohup.out
Setting up watches.
Watches established.
Setting up watches.
Watches established.
/home/shivang/.config/waybar/ MODIFY nohup.out
/home/shivang/.config/waybar/ MODIFY nohup.out
Setting up watches.
Watches established.
waybar: no process found
/home/shivang/.config/waybar/ MODIFY nohup.out
Setting up watches.
Watches established.
Setting up watches.
Watches established.
/home/shivang/.config/waybar/ MODIFY nohup.out
/home/shivang/.config/waybar/ MODIFY nohup.out
Setting up watches.
Watches established.
Setting up watches.
Watches established.
Setting up watches.
Watches established.
/home/shivang/.config/waybar/ MODIFY nohup.out
/home/shivang/.config/waybar/ MODIFY nohup.out
/home/shivang/.config/waybar/ MODIFY nohup.out
Setting up watches.
Watches established.
Setting up watches.
Setting up watches.
Watches established.
Watches established.
/home/shivang/.config/waybar/ MODIFY nohup.out
/home/shivang/.config/waybar/ MODIFY nohup.out
/home/shivang/.config/waybar/ MODIFY nohup.out
Setting up watches.
Watches established.
waybar: no process found
/home/shivang/.config/waybar/ MODIFY nohup.out
Setting up watches.
Watches established.
/home/shivang/.config/waybar/ MODIFY nohup.out
Setting up watches.
Watches established.
Setting up watches.
Watches established.
/home/shivang/.config/waybar/ MODIFY nohup.out
Setting up watches.
Watches established.
/home/shivang/.config/waybar/ MODIFY nohup.out
waybar: no process found
waybar: no process found
/home/shivang/.config/waybar/ MODIFY nohup.out
Setting up watches.
Watches established.
Setting up watches.
Watches established.
Setting up watches.
Watches established.
/home/shivang/.config/waybar/ MODIFY nohup.out
/home/shivang/.config/waybar/ MODIFY nohup.out
/home/shivang/.config/waybar/ MODIFY nohup.out
Setting up watches.
Watches established.
/home/shivang/.config/waybar/ MODIFY nohup.out
Setting up watches.
Watches established.
/home/shivang/.config/waybar/ MODIFY nohup.out
Setting up watches.
Watches established.
/home/shivang/.config/waybar/ MODIFY nohup.out
Setting up watches.
Watches established.
waybar: no process found
waybar: no process found
Setting up watches.
Watches established.
/home/shivang/.config/waybar/ MODIFY nohup.out
/home/shivang/.config/waybar/ MODIFY nohup.out
Setting up watches.
Watches established.
/home/shivang/.config/waybar/ MODIFY nohup.out
Setting up watches.
Watches established.
Setting up watches.
Setting up watches.
Watches established.
Watches established.
/home/shivang/.config/waybar/ MODIFY nohup.out
/home/shivang/.config/waybar/ MODIFY nohup.out
/home/shivang/.config/waybar/ MODIFY nohup.out
Setting up watches.
Watches established.
Setting up watches.
Watches established.
Setting up watches.
Watches established.
/home/shivang/.config/waybar/ MODIFY nohup.out
/home/shivang/.config/waybar/ MODIFY nohup.out
/home/shivang/.config/waybar/ MODIFY nohup.out
waybar: no process found
waybar: no process found
Setting up watches.
Watches established.
Setting up watches.
Watches established.
/home/shivang/.config/waybar/ MODIFY nohup.out
Setting up watches.
Watches established.
/home/shivang/.config/waybar/ MODIFY nohup.out
/home/shivang/.config/waybar/ MODIFY nohup.out
Setting up watches.
Watches established.
Setting up watches.
Watches established.
Setting up watches.
Watches established.
/home/shivang/.config/waybar/ MODIFY nohup.out
/home/shivang/.config/waybar/ MODIFY nohup.out
/home/shivang/.config/waybar/ MODIFY nohup.out
Setting up watches.
Watches established.
Setting up watches.
Watches established.
/home/shivang/.config/waybar/ MODIFY nohup.out
/home/shivang/.config/waybar/ MODIFY nohup.out
Setting up watches.
Watches established.
/home/shivang/.config/waybar/ MODIFY nohup.out
Setting up watches.
Setting up watches.
Setting up watches.
Watches established.
Watches established.
Watches established.
/home/shivang/.config/waybar/ MODIFY nohup.out
/home/shivang/.config/waybar/ MODIFY nohup.out
/home/shivang/.config/waybar/ MODIFY nohup.out
Setting up watches.
Watches established.
/home/shivang/.config/waybar/ MODIFY nohup.out
Setting up watches.
Watches established.
Setting up watches.
Watches established.
Setting up watches.
Watches established.
/home/shivang/.config/waybar/ MODIFY nohup.out
/home/shivang/.config/waybar/ MODIFY nohup.out
/home/shivang/.config/waybar/ MODIFY nohup.out
Setting up watches.
Watches established.
Setting up watches.
Watches established.
/home/shivang/.config/waybar/ MODIFY nohup.out
/home/shivang/.config/waybar/ MODIFY nohup.out
Setting up watches.
Watches established.
/home/shivang/.config/waybar/ MODIFY nohup.out
Setting up watches.
Watches established.
Setting up watches.
Watches established.
/home/shivang/.config/waybar/ MODIFY nohup.out
/home/shivang/.config/waybar/ MODIFY nohup.out
Setting up watches.
Watches established.
Setting up watches.
Watches established.
/home/shivang/.config/waybar/ MODIFY nohup.out
/home/shivang/.config/waybar/ MODIFY nohup.out
Setting up watches.
Watches established.
/home/shivang/.config/waybar/ MODIFY nohup.out
Setting up watches.
Watches established.
Setting up watches.
Watches established.
Setting up watches.
Watches established.
/home/shivang/.config/waybar/ MODIFY nohup.out
/home/shivang/.config/waybar/ MODIFY nohup.out
/home/shivang/.config/waybar/ MODIFY nohup.out
Setting up watches.
Setting up watches.
Watches established.
Watches established.
Setting up watches.
Watches established.
/home/shivang/.config/waybar/ MODIFY nohup.out
/home/shivang/.config/waybar/ MODIFY nohup.out
/home/shivang/.config/waybar/ MODIFY nohup.out
Setting up watches.
Watches established.
/home/shivang/.config/waybar/ MODIFY nohup.out
Setting up watches.
Watches established.
Setting up watches.
Watches established.
Setting up watches.
Watches established.
/home/shivang/.config/waybar/ MODIFY nohup.out
/home/shivang/.config/waybar/ MODIFY nohup.out
/home/shivang/.config/waybar/ MODIFY nohup.out
Setting up watches.
Watches established.
/home/shivang/.config/waybar/ MODIFY nohup.out
Setting up watches.
Watches established.
Setting up watches.
Watches established.
/home/shivang/.config/waybar/ MODIFY nohup.out
/home/shivang/.config/waybar/ MODIFY nohup.out
Setting up watches.
Watches established.
Setting up watches.
Watches established.
/home/shivang/.config/waybar/ MODIFY nohup.out
/home/shivang/.config/waybar/ MODIFY nohup.out
Setting up watches.
Watches established.
/home/shivang/.config/waybar/ MODIFY nohup.out
Setting up watches.
Watches established.
Setting up watches.
Watches established.
waybar: no process found
/home/shivang/.config/waybar/ MODIFY nohup.out
/home/shivang/.config/waybar/ MODIFY nohup.out
Setting up watches.
Watches established.
/home/shivang/.config/waybar/ MODIFY nohup.out
Setting up watches.
Watches established.
/home/shivang/.config/waybar/ MODIFY nohup.out
Setting up watches.
Watches established.
Setting up watches.
Watches established.
/home/shivang/.config/waybar/ MODIFY nohup.out
/home/shivang/.config/waybar/ MODIFY nohup.out
Setting up watches.
Watches established.
/home/shivang/.config/waybar/ MODIFY nohup.out
Setting up watches.
Watches established.
Setting up watches.
Watches established.
/home/shivang/.config/waybar/ MODIFY nohup.out
/home/shivang/.config/waybar/ MODIFY nohup.out
Setting up watches.
Watches established.
/home/shivang/.config/waybar/ MODIFY nohup.out
Setting up watches.
Watches established.
/home/shivang/.config/waybar/ MODIFY nohup.out
Setting up watches.
Watches established.
Setting up watches.
Watches established.
Setting up watches.
Watches established.
/home/shivang/.config/waybar/ MODIFY nohup.out
/home/shivang/.config/waybar/ MODIFY nohup.out
/home/shivang/.config/waybar/ MODIFY nohup.out
Setting up watches.
Setting up watches.
Watches established.
Watches established.
Setting up watches.
Watches established.
/home/shivang/.config/waybar/ MODIFY nohup.out
/home/shivang/.config/waybar/ MODIFY nohup.out
/home/shivang/.config/waybar/ MODIFY nohup.out
Setting up watches.
Setting up watches.
Watches established.
Watches established.
Setting up watches.
Watches established.
/home/shivang/.config/waybar/ MODIFY nohup.out
/home/shivang/.config/waybar/ MODIFY nohup.out
/home/shivang/.config/waybar/ MODIFY nohup.out
Setting up watches.
Watches established.
Setting up watches.
Watches established.
Setting up watches.
Watches established.
/home/shivang/.config/waybar/ MODIFY nohup.out
/home/shivang/.config/waybar/ MODIFY nohup.out
/home/shivang/.config/waybar/ MODIFY nohup.out
Setting up watches.
Watches established.
Setting up watches.
Setting up watches.
Watches established.
Watches established.
/home/shivang/.config/waybar/ MODIFY nohup.out
/home/shivang/.config/waybar/ MODIFY nohup.out
/home/shivang/.config/waybar/ MODIFY nohup.out
Setting up watches.
Watches established.
Setting up watches.
Watches established.
/home/shivang/.config/waybar/ MODIFY nohup.out
/home/shivang/.config/waybar/ MODIFY nohup.out
Setting up watches.
Watches established.
/home/shivang/.config/waybar/ MODIFY nohup.out
Setting up watches.
Setting up watches.
Watches established.
Watches established.
Setting up watches.
Watches established.
/home/shivang/.config/waybar/ MODIFY nohup.out
/home/shivang/.config/waybar/ MODIFY nohup.out
/home/shivang/.config/waybar/ MODIFY nohup.out
Setting up watches.
Watches established.
Setting up watches.
Watches established.
/home/shivang/.config/waybar/ MODIFY nohup.out
/home/shivang/.config/waybar/ MODIFY nohup.out
Setting up watches.
Watches established.
Setting up watches.
Watches established.
Setting up watches.
Watches established.
/home/shivang/.config/waybar/ MODIFY nohup.out
/home/shivang/.config/waybar/ MODIFY nohup.out
/home/shivang/.config/waybar/ MODIFY nohup.out
Setting up watches.
Setting up watches.
Watches established.
Watches established.
/home/shivang/.config/waybar/ MODIFY nohup.out
/home/shivang/.config/waybar/ MODIFY nohup.out
Setting up watches.
Watches established.
/home/shivang/.config/waybar/ MODIFY nohup.out
Setting up watches.
Watches established.
waybar: no process found
/home/shivang/.config/waybar/ MODIFY nohup.out
Setting up watches.
Watches established.
Setting up watches.
Watches established.
waybar: no process found
/home/shivang/.config/waybar/ MODIFY nohup.out
/home/shivang/.config/waybar/ MODIFY nohup.out
Setting up watches.
Watches established.
/home/shivang/.config/waybar/ MODIFY nohup.out
waybar: no process found
Setting up watches.
Watches established.
Setting up watches.
Watches established.
Setting up watches.
Watches established.
/home/shivang/.config/waybar/ MODIFY nohup.out
/home/shivang/.config/waybar/ MODIFY nohup.out
/home/shivang/.config/waybar/ MODIFY nohup.out
waybar: no process found
waybar: no process found
Setting up watches.
Watches established.
Setting up watches.
Watches established.
/home/shivang/.config/waybar/ MODIFY nohup.out
Setting up watches.
Watches established.
/home/shivang/.config/waybar/ MODIFY nohup.out
Setting up watches.
Watches established.
Setting up watches.
Watches established.
/home/shivang/.config/waybar/ MODIFY nohup.out
/home/shivang/.config/waybar/ MODIFY nohup.out
/home/shivang/.config/waybar/ MODIFY nohup.out
Setting up watches.
Watches established.
/home/shivang/.config/waybar/ MODIFY nohup.out
Setting up watches.
Watches established.
Setting up watches.
Watches established.
waybar: no process found
/home/shivang/.config/waybar/ MODIFY nohup.out
/home/shivang/.config/waybar/ MODIFY nohup.out
Setting up watches.
Watches established.
Setting up watches.
Watches established.
/home/shivang/.config/waybar/ MODIFY nohup.out
/home/shivang/.config/waybar/ MODIFY nohup.out
Setting up watches.
Watches established.
/home/shivang/.config/waybar/ MODIFY nohup.out
waybar: no process found
waybar: no process found
Setting up watches.
Watches established.
Setting up watches.
Watches established.
/home/shivang/.config/waybar/ MODIFY nohup.out
/home/shivang/.config/waybar/ MODIFY nohup.out
Setting up watches.
Watches established.
Setting up watches.
Watches established.
/home/shivang/.config/waybar/ MODIFY nohup.out
/home/shivang/.config/waybar/ MODIFY nohup.out
waybar: no process found
Setting up watches.
Watches established.
/home/shivang/.config/waybar/ MODIFY nohup.out
Setting up watches.
Watches established.
Setting up watches.
Watches established.
Setting up watches.
Watches established.
/home/shivang/.config/waybar/ MODIFY nohup.out
/home/shivang/.config/waybar/ MODIFY nohup.out
/home/shivang/.config/waybar/ MODIFY nohup.out
waybar: no process found
waybar: no process found
Setting up watches.
Watches established.
Setting up watches.
Watches established.
/home/shivang/.config/waybar/ MODIFY nohup.out
/home/shivang/.config/waybar/ MODIFY nohup.out
Setting up watches.
Watches established.
/home/shivang/.config/waybar/ MODIFY nohup.out
Setting up watches.
Watches established.
/home/shivang/.config/waybar/ MODIFY nohup.out
waybar: no process found
Setting up watches.
Watches established.
Setting up watches.
Watches established.
Setting up watches.
Watches established.
/home/shivang/.config/waybar/ MODIFY nohup.out
/home/shivang/.config/waybar/ MODIFY nohup.out
/home/shivang/.config/waybar/ MODIFY nohup.out
waybar: no process found
waybar: no process found
waybar: no process found
Setting up watches.
Watches established.
Setting up watches.
Watches established.
/home/shivang/.config/waybar/ MODIFY nohup.out
Setting up watches.
Watches established.
/home/shivang/.config/waybar/ MODIFY nohup.out
Setting up watches.
Watches established.
/home/shivang/.config/waybar/ MODIFY nohup.out
/home/shivang/.config/waybar/ MODIFY nohup.out
Setting up watches.
Watches established.
/home/shivang/.config/waybar/ MODIFY nohup.out
Setting up watches.
Watches established.
Setting up watches.
Watches established.
Setting up watches.
Watches established.
/home/shivang/.config/waybar/ MODIFY nohup.out
/home/shivang/.config/waybar/ MODIFY nohup.out
/home/shivang/.config/waybar/ MODIFY nohup.out
Setting up watches.
Watches established.
Setting up watches.
Setting up watches.
Watches established.
Watches established.
/home/shivang/.config/waybar/ MODIFY nohup.out
/home/shivang/.config/waybar/ MODIFY nohup.out
/home/shivang/.config/waybar/ MODIFY nohup.out
Setting up watches.
Watches established.
waybar: no process found
/home/shivang/.config/waybar/ MODIFY nohup.out
Setting up watches.
Watches established.
Setting up watches.
Watches established.
/home/shivang/.config/waybar/ MODIFY nohup.out
/home/shivang/.config/waybar/ MODIFY nohup.out
Setting up watches.
Watches established.
waybar: no process found
/home/shivang/.config/waybar/ MODIFY nohup.out
Setting up watches.
Watches established.
/home/shivang/.config/waybar/ MODIFY nohup.out
Setting up watches.
Watches established.
Setting up watches.
Watches established.
/home/shivang/.config/waybar/ MODIFY nohup.out
/home/shivang/.config/waybar/ MODIFY nohup.out
Setting up watches.
Watches established.
/home/shivang/.config/waybar/ MODIFY nohup.out
waybar: no process found
waybar: no process found
Setting up watches.
Watches established.
Setting up watches.
Watches established.
/home/shivang/.config/waybar/ MODIFY nohup.out
/home/shivang/.config/waybar/ MODIFY nohup.out
Setting up watches.
Watches established.
Setting up watches.
Watches established.
Setting up watches.
Watches established.
/home/shivang/.config/waybar/ MODIFY nohup.out
/home/shivang/.config/waybar/ MODIFY nohup.out
/home/shivang/.config/waybar/ MODIFY nohup.out
Setting up watches.
Watches established.
Setting up watches.
Watches established.
Setting up watches.
Watches established.
/home/shivang/.config/waybar/ MODIFY nohup.out
/home/shivang/.config/waybar/ MODIFY nohup.out
/home/shivang/.config/waybar/ MODIFY nohup.out
Setting up watches.
Watches established.
Setting up watches.
Watches established.
/home/shivang/.config/waybar/ MODIFY nohup.out
/home/shivang/.config/waybar/ MODIFY nohup.out
Setting up watches.
Watches established.
Setting up watches.
Watches established.
Setting up watches.
Watches established.
/home/shivang/.config/waybar/ MODIFY nohup.out
/home/shivang/.config/waybar/ MODIFY nohup.out
/home/shivang/.config/waybar/ MODIFY nohup.out
Setting up watches.
Watches established.
Setting up watches.
Watches established.
Setting up watches.
Watches established.
/home/shivang/.config/waybar/ MODIFY nohup.out
/home/shivang/.config/waybar/ MODIFY nohup.out
/home/shivang/.config/waybar/ MODIFY nohup.out
Setting up watches.
Watches established.
/home/shivang/.config/waybar/ MODIFY nohup.out
waybar: no process found
Setting up watches.
Watches established.
Setting up watches.
Watches established.
Setting up watches.
Watches established.
/home/shivang/.config/waybar/ MODIFY nohup.out
/home/shivang/.config/waybar/ MODIFY nohup.out
/home/shivang/.config/waybar/ MODIFY nohup.out
Setting up watches.
Watches established.
/home/shivang/.config/waybar/ MODIFY nohup.out
waybar: no process found
waybar: no process found
Setting up watches.
Watches established.
waybar: no process found
Setting up watches.
Watches established.
Setting up watches.
Watches established.
/home/shivang/.config/waybar/ MODIFY nohup.out
/home/shivang/.config/waybar/ MODIFY nohup.out
/home/shivang/.config/waybar/ MODIFY nohup.out
Setting up watches.
Watches established.
/home/shivang/.config/waybar/ MODIFY nohup.out
Setting up watches.
Watches established.
Setting up watches.
Watches established.
waybar: no process found
/home/shivang/.config/waybar/ MODIFY nohup.out
/home/shivang/.config/waybar/ MODIFY nohup.out
Setting up watches.
Watches established.
Setting up watches.
Watches established.
Setting up watches.
Watches established.
/home/shivang/.config/waybar/ MODIFY nohup.out
/home/shivang/.config/waybar/ MODIFY nohup.out
/home/shivang/.config/waybar/ MODIFY nohup.out
Setting up watches.
Watches established.
Setting up watches.
Setting up watches.
Watches established.
Watches established.
/home/shivang/.config/waybar/ MODIFY nohup.out
/home/shivang/.config/waybar/ MODIFY nohup.out
/home/shivang/.config/waybar/ MODIFY nohup.out
Setting up watches.
Watches established.
/home/shivang/.config/waybar/ MODIFY nohup.out
waybar: no process found
Setting up watches.
Watches established.
Setting up watches.
Watches established.
Setting up watches.
Watches established.
/home/shivang/.config/waybar/ MODIFY nohup.out
/home/shivang/.config/waybar/ MODIFY nohup.out
/home/shivang/.config/waybar/ MODIFY nohup.out
Setting up watches.
Watches established.
Setting up watches.
Watches established.
Setting up watches.
Watches established.
/home/shivang/.config/waybar/ MODIFY nohup.out
/home/shivang/.config/waybar/ MODIFY nohup.out
/home/shivang/.config/waybar/ MODIFY nohup.out
Setting up watches.
Watches established.
/home/shivang/.config/waybar/ MODIFY nohup.out
Setting up watches.
Setting up watches.
Watches established.
Watches established.
/home/shivang/.config/waybar/ MODIFY nohup.out
/home/shivang/.config/waybar/ MODIFY nohup.out
Setting up watches.
Watches established.
/home/shivang/.config/waybar/ MODIFY nohup.out
Setting up watches.
Watches established.
Setting up watches.
Watches established.
Setting up watches.
Watches established.
/home/shivang/.config/waybar/ MODIFY nohup.out
/home/shivang/.config/waybar/ MODIFY nohup.out
/home/shivang/.config/waybar/ MODIFY nohup.out
waybar: no process found
Setting up watches.
Watches established.
/home/shivang/.config/waybar/ MODIFY nohup.out
Setting up watches.
Watches established.
Setting up watches.
Watches established.
Setting up watches.
Watches established.
/home/shivang/.config/waybar/ MODIFY nohup.out
/home/shivang/.config/waybar/ MODIFY nohup.out
/home/shivang/.config/waybar/ MODIFY nohup.out
Setting up watches.
Watches established.
/home/shivang/.config/waybar/ MODIFY nohup.out
Setting up watches.
Watches established.
Setting up watches.
Watches established.
/home/shivang/.config/waybar/ MODIFY nohup.out
/home/shivang/.config/waybar/ MODIFY nohup.out
Setting up watches.
Watches established.
/home/shivang/.config/waybar/ MODIFY nohup.out
Setting up watches.
Watches established.
Setting up watches.
Watches established.
/home/shivang/.config/waybar/ MODIFY nohup.out
/home/shivang/.config/waybar/ MODIFY nohup.out
Setting up watches.
Watches established.
Setting up watches.
Setting up watches.
Watches established.
Watches established.
/home/shivang/.config/waybar/ MODIFY nohup.out
/home/shivang/.config/waybar/ MODIFY nohup.out
/home/shivang/.config/waybar/ MODIFY nohup.out
Setting up watches.
Watches established.
Setting up watches.
Watches established.
/home/shivang/.config/waybar/ MODIFY nohup.out
/home/shivang/.config/waybar/ MODIFY nohup.out
Setting up watches.
Watches established.
/home/shivang/.config/waybar/ MODIFY nohup.out
Setting up watches.
Watches established.
Setting up watches.
Watches established.
Setting up watches.
Watches established.
/home/shivang/.config/waybar/ MODIFY nohup.out
/home/shivang/.config/waybar/ MODIFY nohup.out
/home/shivang/.config/waybar/ MODIFY nohup.out
Setting up watches.
Watches established.
/home/shivang/.config/waybar/ MODIFY nohup.out
Setting up watches.
Watches established.
Setting up watches.
Watches established.
/home/shivang/.config/waybar/ MODIFY nohup.out
/home/shivang/.config/waybar/ MODIFY nohup.out
Setting up watches.
Watches established.
/home/shivang/.config/waybar/ MODIFY nohup.out
Setting up watches.
Watches established.
Setting up watches.
Watches established.
Setting up watches.
Watches established.
/home/shivang/.config/waybar/ MODIFY nohup.out
/home/shivang/.config/waybar/ MODIFY nohup.out
/home/shivang/.config/waybar/ MODIFY nohup.out
Setting up watches.
Watches established.
/home/shivang/.config/waybar/ MODIFY nohup.out
Setting up watches.
Watches established.
Setting up watches.
Watches established.
Setting up watches.
Watches established.
/home/shivang/.config/waybar/ MODIFY nohup.out
/home/shivang/.config/waybar/ MODIFY nohup.out
/home/shivang/.config/waybar/ MODIFY nohup.out
Setting up watches.
Watches established.
/home/shivang/.config/waybar/ MODIFY nohup.out
Setting up watches.
Watches established.
Setting up watches.
Watches established.
waybar: no process found
/home/shivang/.config/waybar/ MODIFY nohup.out
/home/shivang/.config/waybar/ MODIFY nohup.out
Setting up watches.
Watches established.
Setting up watches.
Watches established.
/home/shivang/.config/waybar/ MODIFY nohup.out
/home/shivang/.config/waybar/ MODIFY nohup.out
Setting up watches.
Watches established.
waybar: no process found
/home/shivang/.config/waybar/ MODIFY nohup.out
Setting up watches.
Watches established.
Setting up watches.
Watches established.
/home/shivang/.config/waybar/ MODIFY nohup.out
/home/shivang/.config/waybar/ MODIFY nohup.out
Setting up watches.
Watches established.
/home/shivang/.config/waybar/ MODIFY nohup.out
Setting up watches.
Watches established.
Setting up watches.
Watches established.
/home/shivang/.config/waybar/ MODIFY nohup.out
/home/shivang/.config/waybar/ MODIFY nohup.out
Setting up watches.
Watches established.
waybar: no process found
/home/shivang/.config/waybar/ MODIFY nohup.out
Setting up watches.
Watches established.
/home/shivang/.config/waybar/ MODIFY nohup.out
Setting up watches.
Watches established.
Setting up watches.
Watches established.
Setting up watches.
Watches established.
/home/shivang/.config/waybar/ MODIFY nohup.out
/home/shivang/.config/waybar/ MODIFY nohup.out
/home/shivang/.config/waybar/ MODIFY nohup.out
Setting up watches.
Watches established.
/home/shivang/.config/waybar/ MODIFY nohup.out
Setting up watches.
Watches established.
Setting up watches.
Watches established.
Setting up watches.
Watches established.
/home/shivang/.config/waybar/ MODIFY nohup.out
/home/shivang/.config/waybar/ MODIFY nohup.out
/home/shivang/.config/waybar/ MODIFY nohup.out
Setting up watches.
Watches established.
Setting up watches.
Watches established.
/home/shivang/.config/waybar/ MODIFY nohup.out
/home/shivang/.config/waybar/ MODIFY nohup.out
Setting up watches.
Watches established.
/home/shivang/.config/waybar/ MODIFY nohup.out
Setting up watches.
Watches established.
Setting up watches.
Watches established.
/home/shivang/.config/waybar/ MODIFY nohup.out
/home/shivang/.config/waybar/ MODIFY nohup.out
Setting up watches.
Watches established.
/home/shivang/.config/waybar/ MODIFY nohup.out
Setting up watches.
Watches established.
Setting up watches.
Watches established.
/home/shivang/.config/waybar/ MODIFY nohup.out
/home/shivang/.config/waybar/ MODIFY nohup.out
Setting up watches.
Watches established.
/home/shivang/.config/waybar/ MODIFY nohup.out
Setting up watches.
Watches established.
Setting up watches.
Watches established.
/home/shivang/.config/waybar/ MODIFY nohup.out
/home/shivang/.config/waybar/ MODIFY nohup.out
Setting up watches.
Watches established.
Setting up watches.
Watches established.
/home/shivang/.config/waybar/ MODIFY nohup.out
/home/shivang/.config/waybar/ MODIFY nohup.out
Setting up watches.
Watches established.
Setting up watches.
Watches established.
Setting up watches.
Watches established.
/home/shivang/.config/waybar/ MODIFY nohup.out
/home/shivang/.config/waybar/ MODIFY nohup.out
/home/shivang/.config/waybar/ MODIFY nohup.out
Setting up watches.
Watches established.
/home/shivang/.config/waybar/ MODIFY nohup.out
Setting up watches.
Setting up watches.
Watches established.
Watches established.
Setting up watches.
Watches established.
/home/shivang/.config/waybar/ MODIFY nohup.out
/home/shivang/.config/waybar/ MODIFY nohup.out
/home/shivang/.config/waybar/ MODIFY nohup.out
Setting up watches.
Setting up watches.
Watches established.
Watches established.
Setting up watches.
Watches established.
/home/shivang/.config/waybar/ MODIFY nohup.out
/home/shivang/.config/waybar/ MODIFY nohup.out
/home/shivang/.config/waybar/ MODIFY nohup.out
Setting up watches.
Watches established.
/home/shivang/.config/waybar/ MODIFY nohup.out
Setting up watches.
Watches established.
/home/shivang/.config/waybar/ MODIFY nohup.out
Setting up watches.
Watches established.
waybar: no process found
/home/shivang/.config/waybar/ MODIFY nohup.out
Setting up watches.
Watches established.
waybar: no process found
/home/shivang/.config/waybar/ MODIFY nohup.out
Setting up watches.
Watches established.
Setting up watches.
Watches established.
/home/shivang/.config/waybar/ MODIFY nohup.out
/home/shivang/.config/waybar/ MODIFY nohup.out
Setting up watches.
Watches established.
/home/shivang/.config/waybar/ MODIFY nohup.out
Setting up watches.
Setting up watches.
Watches established.
Watches established.
Setting up watches.
Watches established.
/home/shivang/.config/waybar/ MODIFY nohup.out
/home/shivang/.config/waybar/ MODIFY nohup.out
/home/shivang/.config/waybar/ MODIFY nohup.out
Setting up watches.
Watches established.
/home/shivang/.config/waybar/ MODIFY nohup.out
waybar: no process found
Setting up watches.
Setting up watches.
Watches established.
Watches established.
/home/shivang/.config/waybar/ MODIFY nohup.out
/home/shivang/.config/waybar/ MODIFY nohup.out
Setting up watches.
Watches established.
/home/shivang/.config/waybar/ MODIFY nohup.out
Setting up watches.
Setting up watches.
Watches established.
Watches established.
Setting up watches.
Watches established.
/home/shivang/.config/waybar/ MODIFY nohup.out
/home/shivang/.config/waybar/ MODIFY nohup.out
/home/shivang/.config/waybar/ MODIFY nohup.out
waybar: no process found
Setting up watches.
Watches established.
waybar: no process found
/home/shivang/.config/waybar/ MODIFY nohup.out
Setting up watches.
Watches established.
Setting up watches.
Watches established.
/home/shivang/.config/waybar/ MODIFY nohup.out
/home/shivang/.config/waybar/ MODIFY nohup.out
Setting up watches.
Setting up watches.
Watches established.
Watches established.
/home/shivang/.config/waybar/ MODIFY nohup.out
/home/shivang/.config/waybar/ MODIFY nohup.out
Setting up watches.
Watches established.
Setting up watches.
Setting up watches.
Watches established.
Watches established.
/home/shivang/.config/waybar/ MODIFY nohup.out
/home/shivang/.config/waybar/ MODIFY nohup.out
/home/shivang/.config/waybar/ MODIFY nohup.out
Setting up watches.
Watches established.
Setting up watches.
Watches established.
Setting up watches.
Watches established.
/home/shivang/.config/waybar/ MODIFY nohup.out
/home/shivang/.config/waybar/ MODIFY nohup.out
/home/shivang/.config/waybar/ MODIFY nohup.out
Setting up watches.
Watches established.
waybar: no process found
/home/shivang/.config/waybar/ MODIFY nohup.out
Setting up watches.
Watches established.
Setting up watches.
Watches established.
waybar: no process found
Setting up watches.
Watches established.
/home/shivang/.config/waybar/ MODIFY nohup.out
/home/shivang/.config/waybar/ MODIFY nohup.out
/home/shivang/.config/waybar/ MODIFY nohup.out
Setting up watches.
Watches established.
Setting up watches.
Watches established.
/home/shivang/.config/waybar/ MODIFY nohup.out
/home/shivang/.config/waybar/ MODIFY nohup.out
Setting up watches.
Watches established.
Setting up watches.
Watches established.
Setting up watches.
Watches established.
/home/shivang/.config/waybar/ MODIFY nohup.out
/home/shivang/.config/waybar/ MODIFY nohup.out
/home/shivang/.config/waybar/ MODIFY nohup.out
Setting up watches.
Watches established.
/home/shivang/.config/waybar/ MODIFY nohup.out
waybar: no process found
Setting up watches.
Watches established.
/home/shivang/.config/waybar/ MODIFY nohup.out
Setting up watches.
Watches established.
Setting up watches.
Watches established.
/home/shivang/.config/waybar/ MODIFY nohup.out
/home/shivang/.config/waybar/ MODIFY nohup.out
Setting up watches.
Watches established.
Setting up watches.
Setting up watches.
Watches established.
Watches established.
/home/shivang/.config/waybar/ MODIFY nohup.out
/home/shivang/.config/waybar/ MODIFY nohup.out
/home/shivang/.config/waybar/ MODIFY nohup.out
Setting up watches.
Watches established.
Setting up watches.
Watches established.
/home/shivang/.config/waybar/ MODIFY nohup.out
/home/shivang/.config/waybar/ MODIFY nohup.out
Setting up watches.
Watches established.
/home/shivang/.config/waybar/ MODIFY nohup.out
Setting up watches.
Setting up watches.
Watches established.
Watches established.
waybar: no process found
/home/shivang/.config/waybar/ MODIFY nohup.out
/home/shivang/.config/waybar/ MODIFY nohup.out
Setting up watches.
Watches established.
/home/shivang/.config/waybar/ MODIFY nohup.out
Setting up watches.
Watches established.
Setting up watches.
Watches established.
Setting up watches.
Watches established.
/home/shivang/.config/waybar/ MODIFY nohup.out
/home/shivang/.config/waybar/ MODIFY nohup.out
/home/shivang/.config/waybar/ MODIFY nohup.out
Setting up watches.
Watches established.
/home/shivang/.config/waybar/ MODIFY nohup.out
Setting up watches.
Watches established.
Setting up watches.
Watches established.
Setting up watches.
Watches established.
/home/shivang/.config/waybar/ MODIFY nohup.out
/home/shivang/.config/waybar/ MODIFY nohup.out
/home/shivang/.config/waybar/ MODIFY nohup.out
Setting up watches.
Watches established.
/home/shivang/.config/waybar/ MODIFY nohup.out
Setting up watches.
Setting up watches.
Watches established.
Watches established.
/home/shivang/.config/waybar/ MODIFY nohup.out
/home/shivang/.config/waybar/ MODIFY nohup.out
Setting up watches.
Watches established.
/home/shivang/.config/waybar/ MODIFY nohup.out
Setting up watches.
Watches established.
/home/shivang/.config/waybar/ MODIFY nohup.out
Setting up watches.
Watches established.
Setting up watches.
Watches established.
Setting up watches.
Watches established.
/home/shivang/.config/waybar/ MODIFY nohup.out
/home/shivang/.config/waybar/ MODIFY nohup.out
/home/shivang/.config/waybar/ MODIFY nohup.out
Setting up watches.
Watches established.
Setting up watches.
Watches established.
Setting up watches.
Watches established.
/home/shivang/.config/waybar/ MODIFY nohup.out
/home/shivang/.config/waybar/ MODIFY nohup.out
/home/shivang/.config/waybar/ MODIFY nohup.out
Setting up watches.
Watches established.
Setting up watches.
Watches established.
Setting up watches.
Watches established.
/home/shivang/.config/waybar/ MODIFY nohup.out
/home/shivang/.config/waybar/ MODIFY nohup.out
/home/shivang/.config/waybar/ MODIFY nohup.out
Setting up watches.
Watches established.
Setting up watches.
Watches established.
Setting up watches.
Watches established.
/home/shivang/.config/waybar/ MODIFY nohup.out
/home/shivang/.config/waybar/ MODIFY nohup.out
/home/shivang/.config/waybar/ MODIFY nohup.out
Setting up watches.
Watches established.
Setting up watches.
Watches established.
waybar: no process found
Setting up watches.
Watches established.
/home/shivang/.config/waybar/ MODIFY nohup.out
/home/shivang/.config/waybar/ MODIFY nohup.out
/home/shivang/.config/waybar/ MODIFY nohup.out
Setting up watches.
Watches established.
/home/shivang/.config/waybar/ MODIFY nohup.out
Setting up watches.
Watches established.
/home/shivang/.config/waybar/ MODIFY nohup.out
Setting up watches.
Watches established.
Setting up watches.
Watches established.
/home/shivang/.config/waybar/ MODIFY nohup.out
/home/shivang/.config/waybar/ MODIFY nohup.out
Setting up watches.
Watches established.
/home/shivang/.config/waybar/ MODIFY nohup.out
Setting up watches.
Watches established.
/home/shivang/.config/waybar/ MODIFY nohup.out
waybar: no process found
Setting up watches.
Watches established.
Setting up watches.
Watches established.
Setting up watches.
Watches established.
/home/shivang/.config/waybar/ MODIFY nohup.out
/home/shivang/.config/waybar/ MODIFY nohup.out
/home/shivang/.config/waybar/ MODIFY nohup.out
Setting up watches.
Watches established.
Setting up watches.
Watches established.
Setting up watches.
Watches established.
/home/shivang/.config/waybar/ MODIFY nohup.out
/home/shivang/.config/waybar/ MODIFY nohup.out
/home/shivang/.config/waybar/ MODIFY nohup.out
Setting up watches.
Watches established.
/home/shivang/.config/waybar/ MODIFY nohup.out
Setting up watches.
Watches established.
Setting up watches.
Watches established.
Setting up watches.
Watches established.
/home/shivang/.config/waybar/ MODIFY nohup.out
/home/shivang/.config/waybar/ MODIFY nohup.out
/home/shivang/.config/waybar/ MODIFY nohup.out
Setting up watches.
Watches established.
Setting up watches.
Watches established.
Setting up watches.
Watches established.
/home/shivang/.config/waybar/ MODIFY nohup.out
/home/shivang/.config/waybar/ MODIFY nohup.out
/home/shivang/.config/waybar/ MODIFY nohup.out
waybar: no process found
Setting up watches.
Watches established.
Setting up watches.
Watches established.
Setting up watches.
Watches established.
/home/shivang/.config/waybar/ MODIFY nohup.out
/home/shivang/.config/waybar/ MODIFY nohup.out
/home/shivang/.config/waybar/ MODIFY nohup.out
waybar: no process found
waybar: no process found
Setting up watches.
Watches established.
Setting up watches.
Watches established.
Setting up watches.
Watches established.
/home/shivang/.config/waybar/ MODIFY nohup.out
/home/shivang/.config/waybar/ MODIFY nohup.out
/home/shivang/.config/waybar/ MODIFY nohup.out
Setting up watches.
Watches established.
/home/shivang/.config/waybar/ MODIFY nohup.out
waybar: no process found
Setting up watches.
Watches established.
Setting up watches.
Watches established.
waybar: no process found
/home/shivang/.config/waybar/ MODIFY nohup.out
/home/shivang/.config/waybar/ MODIFY nohup.out
Setting up watches.
Watches established.
Setting up watches.
Watches established.
Setting up watches.
Watches established.
/home/shivang/.config/waybar/ MODIFY nohup.out
/home/shivang/.config/waybar/ MODIFY nohup.out
/home/shivang/.config/waybar/ MODIFY nohup.out
Setting up watches.
Setting up watches.
Watches established.
Watches established.
/home/shivang/.config/waybar/ MODIFY nohup.out
/home/shivang/.config/waybar/ MODIFY nohup.out
Setting up watches.
Setting up watches.
Watches established.
Watches established.
/home/shivang/.config/waybar/ MODIFY nohup.out
/home/shivang/.config/waybar/ MODIFY nohup.out
Setting up watches.
Watches established.
Setting up watches.
Watches established.
Setting up watches.
Watches established.
/home/shivang/.config/waybar/ MODIFY nohup.out
/home/shivang/.config/waybar/ MODIFY nohup.out
/home/shivang/.config/waybar/ MODIFY nohup.out
Setting up watches.
Watches established.
Setting up watches.
Watches established.
Setting up watches.
Watches established.
/home/shivang/.config/waybar/ MODIFY nohup.out
/home/shivang/.config/waybar/ MODIFY nohup.out
/home/shivang/.config/waybar/ MODIFY nohup.out
Setting up watches.
Watches established.
/home/shivang/.config/waybar/ MODIFY nohup.out
Setting up watches.
Setting up watches.
Watches established.
Watches established.
Setting up watches.
Watches established.
/home/shivang/.config/waybar/ MODIFY nohup.out
/home/shivang/.config/waybar/ MODIFY nohup.out
/home/shivang/.config/waybar/ MODIFY nohup.out
Setting up watches.
Watches established.
/home/shivang/.config/waybar/ MODIFY nohup.out
Setting up watches.
Watches established.
Setting up watches.
Watches established.
Setting up watches.
Watches established.
/home/shivang/.config/waybar/ MODIFY nohup.out
/home/shivang/.config/waybar/ MODIFY nohup.out
/home/shivang/.config/waybar/ MODIFY nohup.out
Setting up watches.
Watches established.
Setting up watches.
Watches established.
/home/shivang/.config/waybar/ MODIFY nohup.out
/home/shivang/.config/waybar/ MODIFY nohup.out
Setting up watches.
Watches established.
Setting up watches.
Watches established.
Setting up watches.
Watches established.
[2026-02-17 21:08:20.917] [info] Using configuration file /home/shivang/.config/waybar/config
[2026-02-17 21:08:20.917] [info] Including resource file: ~/.config/waybar/bars.jsonc
[2026-02-17 21:08:20.917] [error] Cannot merge config, conflicting or invalid JSON types
[2026-02-17 21:08:20.917] [info] Including resource file: ~/.config/waybar/modules.jsonc
[2026-02-17 21:08:20.918] [info] Discovered appearance 'dark'
[2026-02-17 21:08:20.919] [info] Using configuration file /home/shivang/.config/waybar/config
[2026-02-17 21:08:20.919] [info] Including resource file: ~/.config/waybar/bars.jsonc
[2026-02-17 21:08:20.919] [error] Cannot merge config, conflicting or invalid JSON types
[2026-02-17 21:08:20.919] [info] Including resource file: ~/.config/waybar/modules.jsonc
[2026-02-17 21:08:20.920] [info] Discovered appearance 'dark'
[2026-02-17 21:08:20.938] [info] Using CSS file /home/shivang/.config/waybar/style.css
[2026-02-17 21:08:20.941] [info] Using CSS file /home/shivang/.config/waybar/style.css
[2026-02-17 21:08:20.987] [info] Hyprland IPC starting
[2026-02-17 21:08:20.987] [info] Hyprland IPC starting
[2026-02-17 21:08:20.988] [info] Loading persistent workspaces from Hyprland workspace rules
[2026-02-17 21:08:20.988] [warning] 'swap-icon-label' must be a bool.
[2026-02-17 21:08:20.989] [info] Loading persistent workspaces from Hyprland workspace rules
[2026-02-17 21:08:20.989] [warning] 'swap-icon-label' must be a bool.
[2026-02-17 21:08:21.013] [info] Loading persistent workspaces from Hyprland workspace rules
[2026-02-17 21:08:21.014] [warning] 'swap-icon-label' must be a bool.
[2026-02-17 21:08:21.027] [info] Loading persistent workspaces from Hyprland workspace rules
[2026-02-17 21:08:21.027] [warning] 'swap-icon-label' must be a bool.
[2026-02-17 21:08:21.046] [error] Host: Operation was cancelled
[2026-02-17 21:08:21.052] [info] Bar configured (width: 1920, height: 30) for output: eDP-1
[2026-02-17 21:08:21.053] [info] Bar configured (width: 1920, height: 30) for output: HDMI-A-1
[2026-02-17 21:08:21.058] [error] Host: Operation was cancelled
[2026-02-17 21:08:21.059] [error] Host: Operation was cancelled
[2026-02-17 21:08:21.065] [info] Bar configured (width: 1920, height: 30) for output: eDP-1
[2026-02-17 21:08:21.066] [info] Bar configured (width: 1920, height: 30) for output: HDMI-A-1
[2026-02-17 21:08:21.179] [error] custom/media: mixing manual and automatic argument indexing is no longer supported; try replacing "{}" with "{text}" in your format specifier
[2026-02-17 21:08:21.193] [warning] Requested height: 30 is less than the minimum height: 31 required by the modules
[2026-02-17 21:08:21.193] [info] Bar configured (width: 1920, height: 31) for output: eDP-1
[2026-02-17 21:08:21.193] [warning] Requested height: 30 is less than the minimum height: 31 required by the modules
[2026-02-17 21:08:21.193] [info] Bar configured (width: 1920, height: 31) for output: HDMI-A-1
[2026-02-17 21:08:21.201] [error] custom/media: mixing manual and automatic argument indexing is no longer supported; try replacing "{}" with "{text}" in your format specifier
[2026-02-17 21:08:21.232] [error] custom/media: mixing manual and automatic argument indexing is no longer supported; try replacing "{}" with "{text}" in your format specifier
[2026-02-17 21:08:21.258] [error] custom/media: mixing manual and automatic argument indexing is no longer supported; try replacing "{}" with "{text}" in your format specifier
[2026-02-17 21:08:21.272] [warning] Requested height: 30 is less than the minimum height: 31 required by the modules
[2026-02-17 21:08:21.272] [info] Bar configured (width: 1920, height: 31) for output: eDP-1
[2026-02-17 21:08:21.272] [warning] Requested height: 30 is less than the minimum height: 31 required by the modules
[2026-02-17 21:08:21.272] [info] Bar configured (width: 1920, height: 31) for output: HDMI-A-1
/home/shivang/.config/waybar/ MODIFY nohup.out
/home/shivang/.config/waybar/ MODIFY nohup.out
/home/shivang/.config/waybar/ MODIFY nohup.out
